<?xml version="1.0" encoding="UTF-8"?>
<!-- Generated by org.testng.reporters.JUnitReportReporter -->
<testsuite hostname="Naveen" failures="0" tests="3" name="api.test.StudentTest" time="21.646" errors="0" timestamp="2024-04-13T15:33:55 IST" skipped="0">
  <testcase classname="api.test.StudentTest" name="createStudentApi" time="8.727"/>
  <system-out/>
  <testcase classname="api.test.StudentTest" name="getCreatedStudentInfo" time="7.874"/>
  <system-out/>
  <testcase classname="api.test.StudentTest" name="deleteStudentInfo" time="5.045"/>
  <system-out/>
</testsuite> <!-- api.test.StudentTest -->
