<?xml version="1.0" encoding="UTF-8"?>
<!-- Generated by org.testng.reporters.JUnitReportReporter -->
<testsuite hostname="Naveen" failures="0" tests="8" name="api.marksTest.UploadMarksTest" time="9.584" errors="0" timestamp="2024-04-22T19:23:36 IST" skipped="0">
  <testcase classname="api.marksTest.UploadMarksTest" name="GetExam" time="3.448"/>
  <system-out/>
  <testcase classname="api.marksTest.UploadMarksTest" name="DownloadSampleMarkFile" time="0.604"/>
  <system-out/>
  <testcase classname="api.marksTest.UploadMarksTest" name="uploadMarks" time="0.877"/>
  <system-out/>
  <testcase classname="api.marksTest.UploadMarksTest" name="ExcelInfoTest" time="0.734"/>
  <system-out/>
  <testcase classname="api.marksTest.UploadMarksTest" name="ImportMark" time="1.075"/>
  <system-out/>
  <testcase classname="api.marksTest.UploadMarksTest" name="GetSubjectList" time="0.442"/>
  <system-out/>
  <testcase classname="api.marksTest.UploadMarksTest" name="ExamReportDetails" time="0.836"/>
  <system-out/>
  <testcase classname="api.marksTest.UploadMarksTest" name="DeleteMarks" time="1.568"/>
  <system-out/>
</testsuite> <!-- api.marksTest.UploadMarksTest -->
