<?xml version="1.0" encoding="UTF-8"?>
<!-- Generated by org.testng.reporters.JUnitReportReporter -->
<testsuite hostname="Naveen" failures="0" tests="8" name="api.staffTest.staffBulkImportTest" time="48.681" errors="0" timestamp="2024-04-12T18:53:04 IST" skipped="0">
  <testcase classname="api.staffTest.staffBulkImportTest" name="UploadFile_Teacher" time="6.335"/>
  <system-out/>
  <testcase classname="api.staffTest.staffBulkImportTest" name="UploadFile_Teacher" time="3.296"/>
  <system-out/>
  <testcase classname="api.staffTest.staffBulkImportTest" name="UploadFile_Teacher" time="3.136"/>
  <system-out/>
  <testcase classname="api.staffTest.staffBulkImportTest" name="ViewFile_Teacher" time="3.158"/>
  <system-out/>
  <testcase classname="api.staffTest.staffBulkImportTest" name="importStaff" time="3.747"/>
  <system-out/>
  <testcase classname="api.staffTest.staffBulkImportTest" name="getBulKImportStaff" time="9.067"/>
  <system-out/>
  <testcase classname="api.staffTest.staffBulkImportTest" name="UpdateStaff" time="10.757"/>
  <system-out/>
  <testcase classname="api.staffTest.staffBulkImportTest" name="deleteBulKImportStaff" time="9.185"/>
  <system-out/>
</testsuite> <!-- api.staffTest.staffBulkImportTest -->
