<?xml version="1.0" encoding="UTF-8"?>
<!-- Generated by org.testng.reporters.JUnitReportReporter -->
<testsuite hostname="Naveen" failures="0" tests="5" name="api.marksTest.UploadMarksTest" time="6.078" errors="0" timestamp="2024-04-17T19:30:43 IST" skipped="0">
  <testcase classname="api.marksTest.UploadMarksTest" name="GetExam" time="3.790"/>
  <system-out/>
  <testcase classname="api.marksTest.UploadMarksTest" name="DownloadSampleMarkFile" time="0.517"/>
  <system-out/>
  <testcase classname="api.marksTest.UploadMarksTest" name="uploadMarks" time="0.698"/>
  <system-out/>
  <testcase classname="api.marksTest.UploadMarksTest" name="ExcelInfoTest" time="0.539"/>
  <system-out/>
  <testcase classname="api.marksTest.UploadMarksTest" name="ImportMark" time="0.534"/>
  <system-out/>
</testsuite> <!-- api.marksTest.UploadMarksTest -->
