<?xml version="1.0" encoding="UTF-8"?>
<!-- Generated by org.testng.reporters.JUnitReportReporter -->
<testsuite hostname="Naveen" failures="0" tests="3" name="api.test.StudentTest2" time="19.557" errors="0" timestamp="2024-04-13T15:33:55 IST" skipped="0">
  <testcase classname="api.test.StudentTest2" name="createStudentApi" time="5.857"/>
  <system-out/>
  <testcase classname="api.test.StudentTest2" name="getCreatedStudentInfo" time="3.731"/>
  <system-out/>
  <testcase classname="api.test.StudentTest2" name="deleteStudentInfo" time="9.969"/>
  <system-out/>
</testsuite> <!-- api.test.StudentTest2 -->
