<?xml version="1.0" encoding="UTF-8"?>
<!-- Generated by org.testng.reporters.JUnitReportReporter -->
<testsuite hostname="Naveen" failures="0" tests="7" name="api.staffTest.StaffCreationTest" time="83.615" errors="0" timestamp="2024-04-13T15:33:56 IST" skipped="0">
  <testcase classname="api.staffTest.StaffCreationTest" name="uploadTimeTable" time="7.255"/>
  <system-out/>
  <testcase classname="api.staffTest.StaffCreationTest" name="uploadProfile_Happening" time="36.157"/>
  <system-out/>
  <testcase classname="api.staffTest.StaffCreationTest" name="uploadProfile_teacher" time="13.949"/>
  <system-out/>
  <testcase classname="api.staffTest.StaffCreationTest" name="StaffCreation" time="5.569"/>
  <system-out/>
  <testcase classname="api.staffTest.StaffCreationTest" name="getStaffDetails" time="5.081"/>
  <system-out/>
  <testcase classname="api.staffTest.StaffCreationTest" name="UpdateStaff" time="7.476"/>
  <system-out/>
  <testcase classname="api.staffTest.StaffCreationTest" name="deleteStaff" time="8.128"/>
  <system-out/>
</testsuite> <!-- api.staffTest.StaffCreationTest -->
