<?xml version="1.0" encoding="UTF-8"?>
<!-- Generated by org.testng.reporters.JUnitReportReporter -->
<testsuite hostname="Naveen" failures="0" tests="8" name="api.staffTest.staffBulkImportTest" time="99.024" errors="0" timestamp="2024-04-13T15:33:56 IST" skipped="0">
  <testcase classname="api.staffTest.staffBulkImportTest" name="UploadFile_Teacher" time="7.000"/>
  <system-out/>
  <testcase classname="api.staffTest.staffBulkImportTest" name="UploadFile_Teacher" time="6.759"/>
  <system-out/>
  <testcase classname="api.staffTest.staffBulkImportTest" name="UploadFile_Teacher" time="9.276"/>
  <system-out/>
  <testcase classname="api.staffTest.staffBulkImportTest" name="ViewFile_Teacher" time="12.737"/>
  <system-out/>
  <testcase classname="api.staffTest.staffBulkImportTest" name="importStaff" time="6.608"/>
  <system-out/>
  <testcase classname="api.staffTest.staffBulkImportTest" name="getBulKImportStaff" time="26.479"/>
  <system-out/>
  <testcase classname="api.staffTest.staffBulkImportTest" name="UpdateStaff" time="17.327"/>
  <system-out/>
  <testcase classname="api.staffTest.staffBulkImportTest" name="deleteBulKImportStaff" time="12.838"/>
  <system-out/>
</testsuite> <!-- api.staffTest.staffBulkImportTest -->
