<?xml version="1.0" encoding="UTF-8"?>
<!-- Generated by org.testng.reporters.JUnitReportReporter -->
<testsuite hostname="Naveen" failures="0" tests="7" name="api.staffTest.StaffCreationTest" time="28.376" errors="0" timestamp="2024-04-12T16:39:10 IST" skipped="0">
  <testcase classname="api.staffTest.StaffCreationTest" name="uploadTimeTable" time="3.329"/>
  <system-out/>
  <testcase classname="api.staffTest.StaffCreationTest" name="uploadProfile_Happening" time="4.899"/>
  <system-out/>
  <testcase classname="api.staffTest.StaffCreationTest" name="uploadProfile_teacher" time="4.115"/>
  <system-out/>
  <testcase classname="api.staffTest.StaffCreationTest" name="StaffCreation" time="3.186"/>
  <system-out/>
  <testcase classname="api.staffTest.StaffCreationTest" name="getStaffDetails" time="2.999"/>
  <system-out/>
  <testcase classname="api.staffTest.StaffCreationTest" name="UpdateStaff" time="7.155"/>
  <system-out/>
  <testcase classname="api.staffTest.StaffCreationTest" name="deleteStaff" time="2.693"/>
  <system-out/>
</testsuite> <!-- api.staffTest.StaffCreationTest -->
