<?xml version="1.0" encoding="UTF-8"?>
<!-- Generated by org.testng.reporters.JUnitReportReporter -->
<testsuite hostname="Naveen" failures="0" tests="3" name="api.test.StudentTest" time="8.956" errors="0" timestamp="2024-04-18T16:38:22 IST" skipped="0">
  <testcase classname="api.test.StudentTest" name="createStudentApi" time="8.010"/>
  <system-out/>
  <testcase classname="api.test.StudentTest" name="getCreatedStudentInfo" time="0.499"/>
  <system-out/>
  <testcase classname="api.test.StudentTest" name="deleteStudentInfo" time="0.447"/>
  <system-out/>
</testsuite> <!-- api.test.StudentTest -->
