<?xml version="1.0" encoding="UTF-8"?>
<!-- Generated by org.testng.reporters.JUnitReportReporter -->
<testsuite hostname="Naveen" failures="0" tests="7" name="api.staffTest.StaffCreationTest" time="9.613" errors="0" timestamp="2024-04-18T16:38:22 IST" skipped="0">
  <testcase classname="api.staffTest.StaffCreationTest" name="uploadTimeTable" time="0.551"/>
  <system-out/>
  <testcase classname="api.staffTest.StaffCreationTest" name="uploadProfile_Happening" time="3.838"/>
  <system-out/>
  <testcase classname="api.staffTest.StaffCreationTest" name="uploadProfile_teacher" time="1.054"/>
  <system-out/>
  <testcase classname="api.staffTest.StaffCreationTest" name="StaffCreation" time="2.611"/>
  <system-out/>
  <testcase classname="api.staffTest.StaffCreationTest" name="getStaffDetails" time="0.483"/>
  <system-out/>
  <testcase classname="api.staffTest.StaffCreationTest" name="UpdateStaff" time="0.624"/>
  <system-out/>
  <testcase classname="api.staffTest.StaffCreationTest" name="deleteStaff" time="0.452"/>
  <system-out/>
</testsuite> <!-- api.staffTest.StaffCreationTest -->
