<?xml version="1.0" encoding="UTF-8"?>
<!-- Generated by org.testng.reporters.JUnitReportReporter -->
<testsuite hostname="Naveen" failures="0" tests="8" name="api.staffTest.staffBulkImportTest" time="10.627" errors="0" timestamp="2024-04-18T16:38:22 IST" skipped="0">
  <testcase classname="api.staffTest.staffBulkImportTest" name="UploadFile_Teacher" time="0.505"/>
  <system-out/>
  <testcase classname="api.staffTest.staffBulkImportTest" name="UploadFile_Teacher" time="0.552"/>
  <system-out/>
  <testcase classname="api.staffTest.staffBulkImportTest" name="UploadFile_Teacher" time="1.917"/>
  <system-out/>
  <testcase classname="api.staffTest.staffBulkImportTest" name="ViewFile_Teacher" time="0.661"/>
  <system-out/>
  <testcase classname="api.staffTest.staffBulkImportTest" name="importStaff" time="0.853"/>
  <system-out/>
  <testcase classname="api.staffTest.staffBulkImportTest" name="getBulKImportStaff" time="2.905"/>
  <system-out/>
  <testcase classname="api.staffTest.staffBulkImportTest" name="UpdateStaff" time="2.031"/>
  <system-out/>
  <testcase classname="api.staffTest.staffBulkImportTest" name="deleteBulKImportStaff" time="1.203"/>
  <system-out/>
</testsuite> <!-- api.staffTest.staffBulkImportTest -->
