<?xml version="1.0" encoding="UTF-8"?>
<!-- Generated by org.testng.reporters.JUnitReportReporter -->
<testsuite hostname="Naveen" failures="0" tests="5" name="api.marksTest.UploadMarksTest" time="7.643" errors="0" timestamp="2024-04-18T19:30:53 IST" skipped="0">
  <testcase classname="api.marksTest.UploadMarksTest" name="GetExam" time="4.411"/>
  <system-out/>
  <testcase classname="api.marksTest.UploadMarksTest" name="DownloadSampleMarkFile" time="0.582"/>
  <system-out/>
  <testcase classname="api.marksTest.UploadMarksTest" name="uploadMarks" time="0.783"/>
  <system-out/>
  <testcase classname="api.marksTest.UploadMarksTest" name="ExcelInfoTest" time="1.130"/>
  <system-out/>
  <testcase classname="api.marksTest.UploadMarksTest" name="ImportMark" time="0.737"/>
  <system-out/>
</testsuite> <!-- api.marksTest.UploadMarksTest -->
